2014-12-23 22:11:31,127 - pid_application - INFO - root     13077     1  0 Dec17 ?        00:00:39 /usr/sbin/apache2 -k start

2014-12-23 22:11:31,128 - pid_application - INFO - escaped
2014-12-23 22:11:31,128 - pid_application - INFO - escaped
2014-12-23 22:11:31,128 - pid_application - INFO - escaped
2014-12-23 22:11:31,128 - pid_application - INFO - www-data 31174 13077  0 Dec21 ?        00:00:00 /usr/sbin/apache2 -k start

2014-12-23 22:11:31,128 - pid_application - INFO - www-data 31175 13077  0 Dec21 ?        00:00:00 /usr/sbin/apache2 -k start

2014-12-23 22:11:31,129 - pid_application - INFO - www-data 31176 13077  0 Dec21 ?        00:00:00 /usr/sbin/apache2 -k start

2014-12-23 22:12:19,776 - pid_application - INFO - root     13077     1  0 Dec17 ?        00:00:39 /usr/sbin/apache2 -k start

2014-12-23 22:12:19,777 - pid_application - INFO - escaped
2014-12-23 22:12:19,777 - pid_application - INFO - escaped
2014-12-23 22:12:19,777 - pid_application - INFO - escaped
2014-12-23 22:12:19,777 - pid_application - INFO - www-data 31174 13077  0 Dec21 ?        00:00:00 /usr/sbin/apache2 -k start

2014-12-23 22:12:19,777 - pid_application - INFO - www-data 31175 13077  0 Dec21 ?        00:00:00 /usr/sbin/apache2 -k start

2014-12-23 22:12:19,778 - pid_application - INFO - www-data 31176 13077  0 Dec21 ?        00:00:00 /usr/sbin/apache2 -k start

2014-12-23 22:15:03,517 - pid_application - INFO - root     13077     1  0 Dec17 ?        00:00:39 /usr/sbin/apache2 -k start

2014-12-23 22:15:03,518 - pid_application - INFO - escaped
2014-12-23 22:15:03,518 - pid_application - INFO - escaped
2014-12-23 22:15:03,518 - pid_application - INFO - escaped
2014-12-23 22:15:03,519 - pid_application - INFO - www-data 31174 13077  0 Dec21 ?        00:00:00 /usr/sbin/apache2 -k start

2014-12-23 22:15:03,519 - pid_application - INFO - www-data 31175 13077  0 Dec21 ?        00:00:00 /usr/sbin/apache2 -k start

2014-12-23 22:15:03,519 - pid_application - INFO - www-data 31176 13077  0 Dec21 ?        00:00:00 /usr/sbin/apache2 -k start

2014-12-23 22:16:18,143 - pid_application - INFO - root     13077     1  0 Dec17 ?        00:00:39 /usr/sbin/apache2 -k start

2014-12-23 22:16:18,144 - pid_application - INFO - www-data 31174 13077  0 Dec21 ?        00:00:00 /usr/sbin/apache2 -k start

2014-12-23 22:16:18,144 - pid_application - INFO - www-data 31175 13077  0 Dec21 ?        00:00:00 /usr/sbin/apache2 -k start

2014-12-23 22:16:18,144 - pid_application - INFO - www-data 31176 13077  0 Dec21 ?        00:00:00 /usr/sbin/apache2 -k start

2014-12-23 22:17:00,690 - pid_application - INFO - root     13077     1  0 Dec17 ?        00:00:39 /usr/sbin/apache2 -k start

2014-12-23 22:17:00,690 - pid_application - INFO - www-data 31174 13077  0 Dec21 ?        00:00:00 /usr/sbin/apache2 -k start

2014-12-23 22:17:00,691 - pid_application - INFO - www-data 31175 13077  0 Dec21 ?        00:00:00 /usr/sbin/apache2 -k start

2014-12-23 22:17:00,691 - pid_application - INFO - www-data 31176 13077  0 Dec21 ?        00:00:00 /usr/sbin/apache2 -k start

2014-12-23 22:17:03,782 - pid_application - INFO - root     13077     1  0 Dec17 ?        00:00:39 /usr/sbin/apache2 -k start

2014-12-23 22:17:03,783 - pid_application - INFO - www-data 31174 13077  0 Dec21 ?        00:00:00 /usr/sbin/apache2 -k start

2014-12-23 22:17:03,785 - pid_application - INFO - www-data 31175 13077  0 Dec21 ?        00:00:00 /usr/sbin/apache2 -k start

2014-12-23 22:17:03,785 - pid_application - INFO - www-data 31176 13077  0 Dec21 ?        00:00:00 /usr/sbin/apache2 -k start

2014-12-23 22:18:28,691 - pid_application - INFO - root     13077     1  0 Dec17 ?        00:00:39 /usr/sbin/apache2 -k start

2014-12-23 22:18:28,691 - pid_application - INFO - www-data 31174 13077  0 Dec21 ?        00:00:00 /usr/sbin/apache2 -k start

2014-12-23 22:18:28,692 - pid_application - INFO - www-data 31175 13077  0 Dec21 ?        00:00:00 /usr/sbin/apache2 -k start

2014-12-23 22:18:28,692 - pid_application - INFO - www-data 31176 13077  0 Dec21 ?        00:00:00 /usr/sbin/apache2 -k start

2014-12-23 22:18:56,377 - pid_application - INFO - root     13077     1  0 Dec17 ?        00:00:39 /usr/sbin/apache2 -k start

2014-12-23 22:18:56,378 - pid_application - INFO - www-data 31174 13077  0 Dec21 ?        00:00:00 /usr/sbin/apache2 -k start

2014-12-23 22:18:56,378 - pid_application - INFO - www-data 31175 13077  0 Dec21 ?        00:00:00 /usr/sbin/apache2 -k start

2014-12-23 22:18:56,378 - pid_application - INFO - www-data 31176 13077  0 Dec21 ?        00:00:00 /usr/sbin/apache2 -k start

2014-12-23 22:18:58,657 - pid_application - INFO - root     13077     1  0 Dec17 ?        00:00:39 /usr/sbin/apache2 -k start

2014-12-23 22:18:58,658 - pid_application - INFO - www-data 31174 13077  0 Dec21 ?        00:00:00 /usr/sbin/apache2 -k start

2014-12-23 22:18:58,658 - pid_application - INFO - www-data 31175 13077  0 Dec21 ?        00:00:00 /usr/sbin/apache2 -k start

2014-12-23 22:18:58,659 - pid_application - INFO - www-data 31176 13077  0 Dec21 ?        00:00:00 /usr/sbin/apache2 -k start

2014-12-23 22:20:17,568 - pid_application - INFO - root     13077     1  0 Dec17 ?        00:00:39 /usr/sbin/apache2 -k start

2014-12-23 22:20:17,568 - pid_application - INFO - www-data 31174 13077  0 Dec21 ?        00:00:00 /usr/sbin/apache2 -k start

2014-12-23 22:20:17,569 - pid_application - INFO - www-data 31175 13077  0 Dec21 ?        00:00:00 /usr/sbin/apache2 -k start

2014-12-23 22:20:17,569 - pid_application - INFO - www-data 31176 13077  0 Dec21 ?        00:00:00 /usr/sbin/apache2 -k start

2014-12-23 22:20:50,462 - pid_application - INFO - root     13077     1  0 Dec17 ?        00:00:39 /usr/sbin/apache2 -k start

2014-12-23 22:20:50,463 - pid_application - INFO - www-data 31174 13077  0 Dec21 ?        00:00:00 /usr/sbin/apache2 -k start

2014-12-23 22:20:50,463 - pid_application - INFO - www-data 31175 13077  0 Dec21 ?        00:00:00 /usr/sbin/apache2 -k start

2014-12-23 22:20:50,463 - pid_application - INFO - www-data 31176 13077  0 Dec21 ?        00:00:00 /usr/sbin/apache2 -k start

2014-12-23 22:20:52,354 - pid_application - INFO - root     13077     1  0 Dec17 ?        00:00:39 /usr/sbin/apache2 -k start

2014-12-23 22:20:52,355 - pid_application - INFO - www-data 31174 13077  0 Dec21 ?        00:00:00 /usr/sbin/apache2 -k start

2014-12-23 22:20:52,356 - pid_application - INFO - www-data 31175 13077  0 Dec21 ?        00:00:00 /usr/sbin/apache2 -k start

2014-12-23 22:20:52,356 - pid_application - INFO - www-data 31176 13077  0 Dec21 ?        00:00:00 /usr/sbin/apache2 -k start

2014-12-23 22:21:30,856 - pid_application - INFO - root     13077     1  0 Dec17 ?        00:00:39 /usr/sbin/apache2 -k start

2014-12-23 22:21:30,857 - pid_application - INFO - www-data 31174 13077  0 Dec21 ?        00:00:00 /usr/sbin/apache2 -k start

2014-12-23 22:21:30,857 - pid_application - INFO - www-data 31175 13077  0 Dec21 ?        00:00:00 /usr/sbin/apache2 -k start

2014-12-23 22:21:30,857 - pid_application - INFO - www-data 31176 13077  0 Dec21 ?        00:00:00 /usr/sbin/apache2 -k start

2014-12-24 04:25:40,131 - pid_application - INFO - root     13077     1  0 Dec17 ?        00:00:40 /usr/sbin/apache2 -k start

2014-12-24 04:25:40,132 - pid_application - INFO - www-data 31174 13077  0 Dec21 ?        00:00:00 /usr/sbin/apache2 -k start

2014-12-24 04:25:40,132 - pid_application - INFO - www-data 31175 13077  0 Dec21 ?        00:00:00 /usr/sbin/apache2 -k start

2014-12-24 04:25:40,132 - pid_application - INFO - www-data 31176 13077  0 Dec21 ?        00:00:00 /usr/sbin/apache2 -k start

2014-12-24 04:26:14,269 - pid_application - INFO - root     13077     1  0 Dec17 ?        00:00:40 /usr/sbin/apache2 -k start

2014-12-24 04:26:14,270 - pid_application - INFO - www-data 31174 13077  0 Dec21 ?        00:00:00 /usr/sbin/apache2 -k start

2014-12-24 04:26:14,270 - pid_application - INFO - www-data 31175 13077  0 Dec21 ?        00:00:00 /usr/sbin/apache2 -k start

2014-12-24 04:26:14,271 - pid_application - INFO - www-data 31176 13077  0 Dec21 ?        00:00:00 /usr/sbin/apache2 -k start

2014-12-24 04:28:11,783 - pid_application - INFO - root     13077     1  0 Dec17 ?        00:00:40 /usr/sbin/apache2 -k start

2014-12-24 04:28:11,784 - pid_application - INFO - www-data 31174 13077  0 Dec21 ?        00:00:00 /usr/sbin/apache2 -k start

2014-12-24 04:28:11,785 - pid_application - INFO - www-data 31175 13077  0 Dec21 ?        00:00:00 /usr/sbin/apache2 -k start

2014-12-24 04:28:11,785 - pid_application - INFO - www-data 31176 13077  0 Dec21 ?        00:00:00 /usr/sbin/apache2 -k start

2014-12-24 04:28:35,809 - pid_application - INFO - root     13077     1  0 Dec17 ?        00:00:40 /usr/sbin/apache2 -k start

2014-12-24 04:28:35,810 - pid_application - INFO - www-data 31174 13077  0 Dec21 ?        00:00:00 /usr/sbin/apache2 -k start

2014-12-24 04:28:35,810 - pid_application - INFO - www-data 31175 13077  0 Dec21 ?        00:00:00 /usr/sbin/apache2 -k start

2014-12-24 04:28:35,811 - pid_application - INFO - www-data 31176 13077  0 Dec21 ?        00:00:00 /usr/sbin/apache2 -k start

2014-12-24 04:29:03,648 - pid_application - INFO - root     13077     1  0 Dec17 ?        00:00:40 /usr/sbin/apache2 -k start

2014-12-24 04:29:03,649 - pid_application - INFO - www-data 31174 13077  0 Dec21 ?        00:00:00 /usr/sbin/apache2 -k start

2014-12-24 04:29:03,650 - pid_application - INFO - www-data 31175 13077  0 Dec21 ?        00:00:00 /usr/sbin/apache2 -k start

2014-12-24 04:29:03,650 - pid_application - INFO - www-data 31176 13077  0 Dec21 ?        00:00:00 /usr/sbin/apache2 -k start

2014-12-24 04:29:33,000 - pid_application - INFO - root     22743     1  0 Dec15 ?        00:00:00 /usr/sbin/collectdmon -P /var/run/collectdmon.pid -- -C /etc/collectd/collectd.conf

2014-12-24 04:29:33,001 - pid_application - INFO - root     22745 22743  0 Dec15 ?        00:21:01 collectd -C /etc/collectd/collectd.conf -f

2014-12-24 04:32:08,624 - pid_application - INFO - escaped
2014-12-24 04:32:08,625 - pid_application - INFO - escaped
2014-12-24 04:32:08,625 - pid_application - INFO - escaped
2014-12-24 04:32:08,625 - pid_application - INFO - root     22743     1  0 Dec15 ?        00:00:00 /usr/sbin/collectdmon -P /var/run/collectdmon.pid -- -C /etc/collectd/collectd.conf

2014-12-24 04:32:08,625 - pid_application - INFO - root     22745 22743  0 Dec15 ?        00:21:01 collectd -C /etc/collectd/collectd.conf -f

2014-12-24 04:52:02,582 - pid_application - INFO - root     13077     1  0 Dec17 ?        00:00:40 /usr/sbin/apache2 -k start

2014-12-24 04:52:02,583 - pid_application - INFO - escaped
2014-12-24 04:52:02,583 - pid_application - INFO - escaped
2014-12-24 04:52:02,583 - pid_application - INFO - www-data 31174 13077  0 Dec21 ?        00:00:00 /usr/sbin/apache2 -k start

2014-12-24 04:52:02,583 - pid_application - INFO - www-data 31175 13077  0 Dec21 ?        00:00:00 /usr/sbin/apache2 -k start

2014-12-24 04:52:02,583 - pid_application - INFO - www-data 31176 13077  0 Dec21 ?        00:00:00 /usr/sbin/apache2 -k start

2014-12-24 04:53:05,494 - pid_application - INFO - root     13077     1  0 Dec17 ?        00:00:40 /usr/sbin/apache2 -k start

2014-12-24 04:53:05,495 - pid_application - INFO - escaped
2014-12-24 04:53:05,495 - pid_application - INFO - escaped
2014-12-24 04:53:05,495 - pid_application - INFO - www-data 31174 13077  0 Dec21 ?        00:00:00 /usr/sbin/apache2 -k start

2014-12-24 04:53:05,495 - pid_application - INFO - www-data 31175 13077  0 Dec21 ?        00:00:00 /usr/sbin/apache2 -k start

2014-12-24 04:53:05,495 - pid_application - INFO - www-data 31176 13077  0 Dec21 ?        00:00:00 /usr/sbin/apache2 -k start

2014-12-24 04:53:09,803 - pid_application - INFO - escaped
2014-12-24 04:53:09,803 - pid_application - INFO - escaped
2014-12-24 04:53:09,804 - pid_application - INFO - escaped
2014-12-24 04:53:21,989 - pid_application - INFO - escaped
2014-12-24 04:53:21,990 - pid_application - INFO - escaped
2014-12-24 04:53:21,990 - pid_application - INFO - escaped
